# JRE version: OpenJDK Runtime Environment (8.0_212-b04) (build 1.8.0_212-release-1586-b04)
# Java VM: OpenJDK 64-Bit Server VM (25.212-b04 mixed mode windows-amd64 compressed oops)
Heap:
 PSYoungGen      total 143872K, used 63922K [0x00000000e0000000, 0x00000000e9f00000, 0x0000000100000000)
  eden space 129536K, 40% used [0x00000000e0000000,0x00000000e3325ce8,0x00000000e7e80000)
  from space 14336K, 80% used [0x00000000e8d80000,0x00000000e98c6bb0,0x00000000e9b80000)
  to   space 15360K, 0% used [0x00000000e7e80000,0x00000000e7e80000,0x00000000e8d80000)
 ParOldGen       total 90624K, used 32205K [0x00000000a0000000, 0x00000000a5880000, 0x00000000e0000000)
  object space 90624K, 35% used [0x00000000a0000000,0x00000000a1f734f8,0x00000000a5880000)
 Metaspace       used 62395K, capacity 65004K, committed 65152K, reserved 1105920K
  class space    used 8541K, capacity 9087K, committed 9088K, reserved 1048576K
GC Heap History (10 events):
Event: 24.729 GC heap before
{Heap before GC invocations=17 (full 2):
 PSYoungGen      total 109056K, used 101888K [0x00000000e0000000, 0x00000000e7700000, 0x0000000100000000)
  eden space 101888K, 100% used [0x00000000e0000000,0x00000000e6380000,0x00000000e6380000)
  from space 7168K, 0% used [0x00000000e6a80000,0x00000000e6a80000,0x00000000e7180000)
  to   space 7168K, 0% used [0x00000000e6380000,0x00000000e6380000,0x00000000e6a80000)
 ParOldGen       total 53760K, used 16949K [0x00000000a0000000, 0x00000000a3480000, 0x00000000e0000000)
  object space 53760K, 31% used [0x00000000a0000000,0x00000000a108d6a8,0x00000000a3480000)
 Metaspace       used 43715K, capacity 44946K, committed 45184K, reserved 1087488K
  class space    used 5885K, capacity 6187K, committed 6272K, reserved 1048576K
Event: 24.829 GC heap after
Heap after GC invocations=17 (full 2):
 PSYoungGen      total 109056K, used 7148K [0x00000000e0000000, 0x00000000e8b00000, 0x0000000100000000)
  eden space 101888K, 0% used [0x00000000e0000000,0x00000000e0000000,0x00000000e6380000)
  from space 7168K, 99% used [0x00000000e6380000,0x00000000e6a7b198,0x00000000e6a80000)
  to   space 10240K, 0% used [0x00000000e8100000,0x00000000e8100000,0x00000000e8b00000)
 ParOldGen       total 53760K, used 22341K [0x00000000a0000000, 0x00000000a3480000, 0x00000000e0000000)
  object space 53760K, 41% used [0x00000000a0000000,0x00000000a15d17e8,0x00000000a3480000)
 Metaspace       used 43715K, capacity 44946K, committed 45184K, reserved 1087488K
  class space    used 5885K, capacity 6187K, committed 6272K, reserved 1048576K
}
Event: 35.425 GC heap before
{Heap before GC invocations=18 (full 2):
 PSYoungGen      total 109056K, used 109036K [0x00000000e0000000, 0x00000000e8b00000, 0x0000000100000000)
  eden space 101888K, 100% used [0x00000000e0000000,0x00000000e6380000,0x00000000e6380000)
  from space 7168K, 99% used [0x00000000e6380000,0x00000000e6a7b198,0x00000000e6a80000)
  to   space 10240K, 0% used [0x00000000e8100000,0x00000000e8100000,0x00000000e8b00000)
 ParOldGen       total 53760K, used 22341K [0x00000000a0000000, 0x00000000a3480000, 0x00000000e0000000)
  object space 53760K, 41% used [0x00000000a0000000,0x00000000a15d17e8,0x00000000a3480000)
 Metaspace       used 52686K, capacity 54386K, committed 54528K, reserved 1095680K
  class space    used 7140K, capacity 7562K, committed 7680K, reserved 1048576K
Event: 35.503 GC heap after
Heap after GC invocations=18 (full 2):
 PSYoungGen      total 127488K, used 10223K [0x00000000e0000000, 0x00000000e9280000, 0x0000000100000000)
  eden space 117248K, 0% used [0x00000000e0000000,0x00000000e0000000,0x00000000e7280000)
  from space 10240K, 99% used [0x00000000e8100000,0x00000000e8afbdd8,0x00000000e8b00000)
  to   space 14848K, 0% used [0x00000000e7280000,0x00000000e7280000,0x00000000e8100000)
 ParOldGen       total 53760K, used 31678K [0x00000000a0000000, 0x00000000a3480000, 0x00000000e0000000)
  object space 53760K, 58% used [0x00000000a0000000,0x00000000a1eef9a0,0x00000000a3480000)
 Metaspace       used 52686K, capacity 54386K, committed 54528K, reserved 1095680K
  class space    used 7140K, capacity 7562K, committed 7680K, reserved 1048576K
}
Event: 45.291 GC heap before
{Heap before GC invocations=19 (full 2):
 PSYoungGen      total 127488K, used 74925K [0x00000000e0000000, 0x00000000e9280000, 0x0000000100000000)
  eden space 117248K, 55% used [0x00000000e0000000,0x00000000e3f2f838,0x00000000e7280000)
  from space 10240K, 99% used [0x00000000e8100000,0x00000000e8afbdd8,0x00000000e8b00000)
  to   space 14848K, 0% used [0x00000000e7280000,0x00000000e7280000,0x00000000e8100000)
 ParOldGen       total 53760K, used 31678K [0x00000000a0000000, 0x00000000a3480000, 0x00000000e0000000)
  object space 53760K, 58% used [0x00000000a0000000,0x00000000a1eef9a0,0x00000000a3480000)
 Metaspace       used 57171K, capacity 58948K, committed 59096K, reserved 1099776K
  class space    used 7815K, capacity 8193K, committed 8320K, reserved 1048576K
Event: 45.377 GC heap after
Heap after GC invocations=19 (full 2):
 PSYoungGen      total 132096K, used 6341K [0x00000000e0000000, 0x00000000e9b80000, 0x0000000100000000)
  eden space 117248K, 0% used [0x00000000e0000000,0x00000000e0000000,0x00000000e7280000)
  from space 14848K, 42% used [0x00000000e7280000,0x00000000e78b1770,0x00000000e8100000)
  to   space 14336K, 0% used [0x00000000e8d80000,0x00000000e8d80000,0x00000000e9b80000)
 ParOldGen       total 53760K, used 37739K [0x00000000a0000000, 0x00000000a3480000, 0x00000000e0000000)
  object space 53760K, 70% used [0x00000000a0000000,0x00000000a24daf70,0x00000000a3480000)
 Metaspace       used 57171K, capacity 58948K, committed 59096K, reserved 1099776K
  class space    used 7815K, capacity 8193K, committed 8320K, reserved 1048576K
}
Event: 45.380 GC heap before
{Heap before GC invocations=20 (full 3):
 PSYoungGen      total 132096K, used 6341K [0x00000000e0000000, 0x00000000e9b80000, 0x0000000100000000)
  eden space 117248K, 0% used [0x00000000e0000000,0x00000000e0000000,0x00000000e7280000)
  from space 14848K, 42% used [0x00000000e7280000,0x00000000e78b1770,0x00000000e8100000)
  to   space 14336K, 0% used [0x00000000e8d80000,0x00000000e8d80000,0x00000000e9b80000)
 ParOldGen       total 53760K, used 37739K [0x00000000a0000000, 0x00000000a3480000, 0x00000000e0000000)
  object space 53760K, 70% used [0x00000000a0000000,0x00000000a24daf70,0x00000000a3480000)
 Metaspace       used 57171K, capacity 58948K, committed 59096K, reserved 1099776K
  class space    used 7815K, capacity 8193K, committed 8320K, reserved 1048576K
Event: 48.187 GC heap after
Heap after GC invocations=20 (full 3):
 PSYoungGen      total 132096K, used 0K [0x00000000e0000000, 0x00000000e9b80000, 0x0000000100000000)
  eden space 117248K, 0% used [0x00000000e0000000,0x00000000e0000000,0x00000000e7280000)
  from space 14848K, 0% used [0x00000000e7280000,0x00000000e7280000,0x00000000e8100000)
  to   space 14336K, 0% used [0x00000000e8d80000,0x00000000e8d80000,0x00000000e9b80000)
 ParOldGen       total 90624K, used 32197K [0x00000000a0000000, 0x00000000a5880000, 0x00000000e0000000)
  object space 90624K, 35% used [0x00000000a0000000,0x00000000a1f714f8,0x00000000a5880000)
 Metaspace       used 57171K, capacity 58948K, committed 59096K, reserved 1099776K
  class space    used 7815K, capacity 8193K, committed 8320K, reserved 1048576K
}
Event: 59.853 GC heap before
{Heap before GC invocations=21 (full 3):
 PSYoungGen      total 132096K, used 117248K [0x00000000e0000000, 0x00000000e9b80000, 0x0000000100000000)
  eden space 117248K, 100% used [0x00000000e0000000,0x00000000e7280000,0x00000000e7280000)
  from space 14848K, 0% used [0x00000000e7280000,0x00000000e7280000,0x00000000e8100000)
  to   space 14336K, 0% used [0x00000000e8d80000,0x00000000e8d80000,0x00000000e9b80000)
 ParOldGen       total 90624K, used 32197K [0x00000000a0000000, 0x00000000a5880000, 0x00000000e0000000)
  object space 90624K, 35% used [0x00000000a0000000,0x00000000a1f714f8,0x00000000a5880000)
 Metaspace       used 61599K, capacity 64194K, committed 64384K, reserved 1103872K
  class space    used 8465K, capacity 9012K, committed 9088K, reserved 1048576K
Event: 60.691 GC heap after
Heap after GC invocations=21 (full 3):
 PSYoungGen      total 143872K, used 11546K [0x00000000e0000000, 0x00000000e9f00000, 0x0000000100000000)
  eden space 129536K, 0% used [0x00000000e0000000,0x00000000e0000000,0x00000000e7e80000)
  from space 14336K, 80% used [0x00000000e8d80000,0x00000000e98c6bb0,0x00000000e9b80000)
  to   space 15360K, 0% used [0x00000000e7e80000,0x00000000e7e80000,0x00000000e8d80000)
 ParOldGen       total 90624K, used 32205K [0x00000000a0000000, 0x00000000a5880000, 0x00000000e0000000)
  object space 90624K, 35% used [0x00000000a0000000,0x00000000a1f734f8,0x00000000a5880000)
 Metaspace       used 61599K, capacity 64194K, committed 64384K, reserved 1103872K
  class space    used 8465K, capacity 9012K, committed 9088K, reserved 1048576K
}

