# JRE version: OpenJDK Runtime Environment (8.0_212-b04) (build 1.8.0_212-release-1586-b04)
# Java VM: OpenJDK 64-Bit Server VM (25.212-b04 mixed mode windows-amd64 compressed oops)
Heap:
 PSYoungGen      total 122880K, used 80215K [0x00000000e0000000, 0x00000000e9b00000, 0x0000000100000000)
  eden space 109568K, 63% used [0x00000000e0000000,0x00000000e43adcf0,0x00000000e6b00000)
  from space 13312K, 81% used [0x00000000e6b00000,0x00000000e75a8298,0x00000000e7800000)
  to   space 14336K, 0% used [0x00000000e8d00000,0x00000000e8d00000,0x00000000e9b00000)
 ParOldGen       total 77312K, used 28777K [0x00000000a0000000, 0x00000000a4b80000, 0x00000000e0000000)
  object space 77312K, 37% used [0x00000000a0000000,0x00000000a1c1a630,0x00000000a4b80000)
 Metaspace       used 62384K, capacity 65002K, committed 65152K, reserved 1105920K
  class space    used 8528K, capacity 9072K, committed 9088K, reserved 1048576K
GC Heap History (10 events):
Event: 35.237 GC heap before
{Heap before GC invocations=20 (full 2):
 PSYoungGen      total 90624K, used 90606K [0x00000000e0000000, 0x00000000e6f80000, 0x0000000100000000)
  eden space 84480K, 100% used [0x00000000e0000000,0x00000000e5280000,0x00000000e5280000)
  from space 6144K, 99% used [0x00000000e5280000,0x00000000e587bb60,0x00000000e5880000)
  to   space 8704K, 0% used [0x00000000e6700000,0x00000000e6700000,0x00000000e6f80000)
 ParOldGen       total 50688K, used 21724K [0x00000000a0000000, 0x00000000a3180000, 0x00000000e0000000)
  object space 50688K, 42% used [0x00000000a0000000,0x00000000a15370b8,0x00000000a3180000)
 Metaspace       used 49335K, capacity 50644K, committed 50944K, reserved 1093632K
  class space    used 6548K, capacity 6833K, committed 6912K, reserved 1048576K
Event: 35.400 GC heap after
Heap after GC invocations=20 (full 2):
 PSYoungGen      total 101888K, used 8700K [0x00000000e0000000, 0x00000000e7800000, 0x0000000100000000)
  eden space 93184K, 0% used [0x00000000e0000000,0x00000000e0000000,0x00000000e5b00000)
  from space 8704K, 99% used [0x00000000e6700000,0x00000000e6f7f190,0x00000000e6f80000)
  to   space 12288K, 0% used [0x00000000e5b00000,0x00000000e5b00000,0x00000000e6700000)
 ParOldGen       total 50688K, used 28435K [0x00000000a0000000, 0x00000000a3180000, 0x00000000e0000000)
  object space 50688K, 56% used [0x00000000a0000000,0x00000000a1bc4d50,0x00000000a3180000)
 Metaspace       used 49335K, capacity 50644K, committed 50944K, reserved 1093632K
  class space    used 6548K, capacity 6833K, committed 6912K, reserved 1048576K
}
Event: 43.525 GC heap before
{Heap before GC invocations=21 (full 2):
 PSYoungGen      total 101888K, used 101884K [0x00000000e0000000, 0x00000000e7800000, 0x0000000100000000)
  eden space 93184K, 100% used [0x00000000e0000000,0x00000000e5b00000,0x00000000e5b00000)
  from space 8704K, 99% used [0x00000000e6700000,0x00000000e6f7f190,0x00000000e6f80000)
  to   space 12288K, 0% used [0x00000000e5b00000,0x00000000e5b00000,0x00000000e6700000)
 ParOldGen       total 50688K, used 28435K [0x00000000a0000000, 0x00000000a3180000, 0x00000000e0000000)
  object space 50688K, 56% used [0x00000000a0000000,0x00000000a1bc4d50,0x00000000a3180000)
 Metaspace       used 56995K, capacity 58880K, committed 59008K, reserved 1099776K
  class space    used 7790K, capacity 8193K, committed 8320K, reserved 1048576K
Event: 43.663 GC heap after
Heap after GC invocations=21 (full 2):
 PSYoungGen      total 105472K, used 10598K [0x00000000e0000000, 0x00000000e8580000, 0x0000000100000000)
  eden space 93184K, 0% used [0x00000000e0000000,0x00000000e0000000,0x00000000e5b00000)
  from space 12288K, 86% used [0x00000000e5b00000,0x00000000e65599d0,0x00000000e6700000)
  to   space 13824K, 0% used [0x00000000e7800000,0x00000000e7800000,0x00000000e8580000)
 ParOldGen       total 50688K, used 33516K [0x00000000a0000000, 0x00000000a3180000, 0x00000000e0000000)
  object space 50688K, 66% used [0x00000000a0000000,0x00000000a20bb350,0x00000000a3180000)
 Metaspace       used 56995K, capacity 58880K, committed 59008K, reserved 1099776K
  class space    used 7790K, capacity 8193K, committed 8320K, reserved 1048576K
}
Event: 43.755 GC heap before
{Heap before GC invocations=22 (full 2):
 PSYoungGen      total 105472K, used 14220K [0x00000000e0000000, 0x00000000e8580000, 0x0000000100000000)
  eden space 93184K, 3% used [0x00000000e0000000,0x00000000e03896c8,0x00000000e5b00000)
  from space 12288K, 86% used [0x00000000e5b00000,0x00000000e65599d0,0x00000000e6700000)
  to   space 13824K, 0% used [0x00000000e7800000,0x00000000e7800000,0x00000000e8580000)
 ParOldGen       total 50688K, used 33516K [0x00000000a0000000, 0x00000000a3180000, 0x00000000e0000000)
  object space 50688K, 66% used [0x00000000a0000000,0x00000000a20bb350,0x00000000a3180000)
 Metaspace       used 57120K, capacity 58944K, committed 59096K, reserved 1099776K
  class space    used 7807K, capacity 8193K, committed 8320K, reserved 1048576K
Event: 43.775 GC heap after
Heap after GC invocations=22 (full 2):
 PSYoungGen      total 123392K, used 4532K [0x00000000e0000000, 0x00000000e9100000, 0x0000000100000000)
  eden space 109568K, 0% used [0x00000000e0000000,0x00000000e0000000,0x00000000e6b00000)
  from space 13824K, 32% used [0x00000000e7800000,0x00000000e7c6d030,0x00000000e8580000)
  to   space 13312K, 0% used [0x00000000e6b00000,0x00000000e6b00000,0x00000000e7800000)
 ParOldGen       total 50688K, used 33524K [0x00000000a0000000, 0x00000000a3180000, 0x00000000e0000000)
  object space 50688K, 66% used [0x00000000a0000000,0x00000000a20bd350,0x00000000a3180000)
 Metaspace       used 57120K, capacity 58944K, committed 59096K, reserved 1099776K
  class space    used 7807K, capacity 8193K, committed 8320K, reserved 1048576K
}
Event: 43.776 GC heap before
{Heap before GC invocations=23 (full 3):
 PSYoungGen      total 123392K, used 4532K [0x00000000e0000000, 0x00000000e9100000, 0x0000000100000000)
  eden space 109568K, 0% used [0x00000000e0000000,0x00000000e0000000,0x00000000e6b00000)
  from space 13824K, 32% used [0x00000000e7800000,0x00000000e7c6d030,0x00000000e8580000)
  to   space 13312K, 0% used [0x00000000e6b00000,0x00000000e6b00000,0x00000000e7800000)
 ParOldGen       total 50688K, used 33524K [0x00000000a0000000, 0x00000000a3180000, 0x00000000e0000000)
  object space 50688K, 66% used [0x00000000a0000000,0x00000000a20bd350,0x00000000a3180000)
 Metaspace       used 57120K, capacity 58944K, committed 59096K, reserved 1099776K
  class space    used 7807K, capacity 8193K, committed 8320K, reserved 1048576K
Event: 47.465 GC heap after
Heap after GC invocations=23 (full 3):
 PSYoungGen      total 123392K, used 0K [0x00000000e0000000, 0x00000000e9100000, 0x0000000100000000)
  eden space 109568K, 0% used [0x00000000e0000000,0x00000000e0000000,0x00000000e6b00000)
  from space 13824K, 0% used [0x00000000e7800000,0x00000000e7800000,0x00000000e8580000)
  to   space 13312K, 0% used [0x00000000e6b00000,0x00000000e6b00000,0x00000000e7800000)
 ParOldGen       total 77312K, used 28769K [0x00000000a0000000, 0x00000000a4b80000, 0x00000000e0000000)
  object space 77312K, 37% used [0x00000000a0000000,0x00000000a1c18630,0x00000000a4b80000)
 Metaspace       used 57120K, capacity 58944K, committed 59096K, reserved 1099776K
  class space    used 7807K, capacity 8193K, committed 8320K, reserved 1048576K
}
Event: 65.508 GC heap before
{Heap before GC invocations=24 (full 3):
 PSYoungGen      total 123392K, used 109568K [0x00000000e0000000, 0x00000000e9100000, 0x0000000100000000)
  eden space 109568K, 100% used [0x00000000e0000000,0x00000000e6b00000,0x00000000e6b00000)
  from space 13824K, 0% used [0x00000000e7800000,0x00000000e7800000,0x00000000e8580000)
  to   space 13312K, 0% used [0x00000000e6b00000,0x00000000e6b00000,0x00000000e7800000)
 ParOldGen       total 77312K, used 28769K [0x00000000a0000000, 0x00000000a4b80000, 0x00000000e0000000)
  object space 77312K, 37% used [0x00000000a0000000,0x00000000a1c18630,0x00000000a4b80000)
 Metaspace       used 61117K, capacity 63670K, committed 63744K, reserved 1103872K
  class space    used 8382K, capacity 8892K, committed 8960K, reserved 1048576K
Event: 66.333 GC heap after
Heap after GC invocations=24 (full 3):
 PSYoungGen      total 122880K, used 10912K [0x00000000e0000000, 0x00000000e9b00000, 0x0000000100000000)
  eden space 109568K, 0% used [0x00000000e0000000,0x00000000e0000000,0x00000000e6b00000)
  from space 13312K, 81% used [0x00000000e6b00000,0x00000000e75a8298,0x00000000e7800000)
  to   space 14336K, 0% used [0x00000000e8d00000,0x00000000e8d00000,0x00000000e9b00000)
 ParOldGen       total 77312K, used 28777K [0x00000000a0000000, 0x00000000a4b80000, 0x00000000e0000000)
  object space 77312K, 37% used [0x00000000a0000000,0x00000000a1c1a630,0x00000000a4b80000)
 Metaspace       used 61117K, capacity 63670K, committed 63744K, reserved 1103872K
  class space    used 8382K, capacity 8892K, committed 8960K, reserved 1048576K
}

