# JRE version: OpenJDK Runtime Environment (8.0_212-b04) (build 1.8.0_212-release-1586-b04)
# Java VM: OpenJDK 64-Bit Server VM (25.212-b04 mixed mode windows-amd64 compressed oops)
Heap:
 PSYoungGen      total 488448K, used 259031K [0x00000000e0000000, 0x0000000100000000, 0x0000000100000000)
  eden space 454144K, 49% used [0x00000000e0000000,0x00000000edb7a648,0x00000000fbb80000)
  from space 34304K, 99% used [0x00000000fbb80000,0x00000000fdcfb988,0x00000000fdd00000)
  to   space 35840K, 0% used [0x00000000fdd00000,0x00000000fdd00000,0x0000000100000000)
 ParOldGen       total 160768K, used 126388K [0x00000000a0000000, 0x00000000a9d00000, 0x00000000e0000000)
  object space 160768K, 78% used [0x00000000a0000000,0x00000000a7b6d080,0x00000000a9d00000)
 Metaspace       used 125725K, capacity 131092K, committed 134784K, reserved 1165312K
  class space    used 16254K, capacity 17284K, committed 18048K, reserved 1048576K
GC Heap History (10 events):
Event: 2937.916 GC heap before
{Heap before GC invocations=46 (full 5):
 PSYoungGen      total 458752K, used 442946K [0x00000000e0000000, 0x00000000fe600000, 0x0000000100000000)
  eden space 424960K, 100% used [0x00000000e0000000,0x00000000f9f00000,0x00000000f9f00000)
  from space 33792K, 53% used [0x00000000fc500000,0x00000000fd6909a8,0x00000000fe600000)
  to   space 36352K, 0% used [0x00000000f9f00000,0x00000000f9f00000,0x00000000fc280000)
 ParOldGen       total 160768K, used 81521K [0x00000000a0000000, 0x00000000a9d00000, 0x00000000e0000000)
  object space 160768K, 50% used [0x00000000a0000000,0x00000000a4f9c658,0x00000000a9d00000)
 Metaspace       used 125280K, capacity 130488K, committed 134784K, reserved 1165312K
  class space    used 16203K, capacity 17210K, committed 18048K, reserved 1048576K
Event: 2938.933 GC heap after
Heap after GC invocations=46 (full 5):
 PSYoungGen      total 461312K, used 18847K [0x00000000e0000000, 0x0000000100000000, 0x0000000100000000)
  eden space 424960K, 0% used [0x00000000e0000000,0x00000000e0000000,0x00000000f9f00000)
  from space 36352K, 51% used [0x00000000f9f00000,0x00000000fb167fb8,0x00000000fc280000)
  to   space 35328K, 0% used [0x00000000fdd80000,0x00000000fdd80000,0x0000000100000000)
 ParOldGen       total 160768K, used 94447K [0x00000000a0000000, 0x00000000a9d00000, 0x00000000e0000000)
  object space 160768K, 58% used [0x00000000a0000000,0x00000000a5c3be70,0x00000000a9d00000)
 Metaspace       used 125280K, capacity 130488K, committed 134784K, reserved 1165312K
  class space    used 16203K, capacity 17210K, committed 18048K, reserved 1048576K
}
Event: 2949.496 GC heap before
{Heap before GC invocations=47 (full 5):
 PSYoungGen      total 461312K, used 443807K [0x00000000e0000000, 0x0000000100000000, 0x0000000100000000)
  eden space 424960K, 100% used [0x00000000e0000000,0x00000000f9f00000,0x00000000f9f00000)
  from space 36352K, 51% used [0x00000000f9f00000,0x00000000fb167fb8,0x00000000fc280000)
  to   space 35328K, 0% used [0x00000000fdd80000,0x00000000fdd80000,0x0000000100000000)
 ParOldGen       total 160768K, used 94447K [0x00000000a0000000, 0x00000000a9d00000, 0x00000000e0000000)
  object space 160768K, 58% used [0x00000000a0000000,0x00000000a5c3be70,0x00000000a9d00000)
 Metaspace       used 125358K, capacity 130614K, committed 134784K, reserved 1165312K
  class space    used 16216K, capacity 17247K, committed 18048K, reserved 1048576K
Event: 2951.958 GC heap after
Heap after GC invocations=47 (full 5):
 PSYoungGen      total 486912K, used 7216K [0x00000000e0000000, 0x00000000fff00000, 0x0000000100000000)
  eden space 452608K, 0% used [0x00000000e0000000,0x00000000e0000000,0x00000000fba00000)
  from space 34304K, 21% used [0x00000000fdd80000,0x00000000fe48c1b8,0x00000000fff00000)
  to   space 35328K, 0% used [0x00000000fba00000,0x00000000fba00000,0x00000000fdc80000)
 ParOldGen       total 160768K, used 111715K [0x00000000a0000000, 0x00000000a9d00000, 0x00000000e0000000)
  object space 160768K, 69% used [0x00000000a0000000,0x00000000a6d18d98,0x00000000a9d00000)
 Metaspace       used 125358K, capacity 130614K, committed 134784K, reserved 1165312K
  class space    used 16216K, capacity 17247K, committed 18048K, reserved 1048576K
}
Event: 2965.413 GC heap before
{Heap before GC invocations=48 (full 5):
 PSYoungGen      total 486912K, used 459824K [0x00000000e0000000, 0x00000000fff00000, 0x0000000100000000)
  eden space 452608K, 100% used [0x00000000e0000000,0x00000000fba00000,0x00000000fba00000)
  from space 34304K, 21% used [0x00000000fdd80000,0x00000000fe48c1b8,0x00000000fff00000)
  to   space 35328K, 0% used [0x00000000fba00000,0x00000000fba00000,0x00000000fdc80000)
 ParOldGen       total 160768K, used 111715K [0x00000000a0000000, 0x00000000a9d00000, 0x00000000e0000000)
  object space 160768K, 69% used [0x00000000a0000000,0x00000000a6d18d98,0x00000000a9d00000)
 Metaspace       used 125390K, capacity 130618K, committed 134784K, reserved 1165312K
  class space    used 16216K, capacity 17247K, committed 18048K, reserved 1048576K
Event: 2967.128 GC heap after
Heap after GC invocations=48 (full 5):
 PSYoungGen      total 487936K, used 6977K [0x00000000e0000000, 0x0000000100000000, 0x0000000100000000)
  eden space 452608K, 0% used [0x00000000e0000000,0x00000000e0000000,0x00000000fba00000)
  from space 35328K, 19% used [0x00000000fba00000,0x00000000fc0d0640,0x00000000fdc80000)
  to   space 34816K, 0% used [0x00000000fde00000,0x00000000fde00000,0x0000000100000000)
 ParOldGen       total 160768K, used 115851K [0x00000000a0000000, 0x00000000a9d00000, 0x00000000e0000000)
  object space 160768K, 72% used [0x00000000a0000000,0x00000000a7122de8,0x00000000a9d00000)
 Metaspace       used 125390K, capacity 130618K, committed 134784K, reserved 1165312K
  class space    used 16216K, capacity 17247K, committed 18048K, reserved 1048576K
}
Event: 2974.204 GC heap before
{Heap before GC invocations=49 (full 5):
 PSYoungGen      total 487936K, used 459585K [0x00000000e0000000, 0x0000000100000000, 0x0000000100000000)
  eden space 452608K, 100% used [0x00000000e0000000,0x00000000fba00000,0x00000000fba00000)
  from space 35328K, 19% used [0x00000000fba00000,0x00000000fc0d0640,0x00000000fdc80000)
  to   space 34816K, 0% used [0x00000000fde00000,0x00000000fde00000,0x0000000100000000)
 ParOldGen       total 160768K, used 115851K [0x00000000a0000000, 0x00000000a9d00000, 0x00000000e0000000)
  object space 160768K, 72% used [0x00000000a0000000,0x00000000a7122de8,0x00000000a9d00000)
 Metaspace       used 125402K, capacity 130682K, committed 134784K, reserved 1165312K
  class space    used 16216K, capacity 17247K, committed 18048K, reserved 1048576K
Event: 2974.769 GC heap after
Heap after GC invocations=49 (full 5):
 PSYoungGen      total 487424K, used 6108K [0x00000000e0000000, 0x00000000ffe80000, 0x0000000100000000)
  eden space 454144K, 0% used [0x00000000e0000000,0x00000000e0000000,0x00000000fbb80000)
  from space 33280K, 18% used [0x00000000fde00000,0x00000000fe3f73a0,0x00000000ffe80000)
  to   space 34304K, 0% used [0x00000000fbb80000,0x00000000fbb80000,0x00000000fdd00000)
 ParOldGen       total 160768K, used 120640K [0x00000000a0000000, 0x00000000a9d00000, 0x00000000e0000000)
  object space 160768K, 75% used [0x00000000a0000000,0x00000000a75d0160,0x00000000a9d00000)
 Metaspace       used 125402K, capacity 130682K, committed 134784K, reserved 1165312K
  class space    used 16216K, capacity 17247K, committed 18048K, reserved 1048576K
}
Event: 2987.239 GC heap before
{Heap before GC invocations=50 (full 5):
 PSYoungGen      total 487424K, used 460252K [0x00000000e0000000, 0x00000000ffe80000, 0x0000000100000000)
  eden space 454144K, 100% used [0x00000000e0000000,0x00000000fbb80000,0x00000000fbb80000)
  from space 33280K, 18% used [0x00000000fde00000,0x00000000fe3f73a0,0x00000000ffe80000)
  to   space 34304K, 0% used [0x00000000fbb80000,0x00000000fbb80000,0x00000000fdd00000)
 ParOldGen       total 160768K, used 120640K [0x00000000a0000000, 0x00000000a9d00000, 0x00000000e0000000)
  object space 160768K, 75% used [0x00000000a0000000,0x00000000a75d0160,0x00000000a9d00000)
 Metaspace       used 125422K, capacity 130682K, committed 134784K, reserved 1165312K
  class space    used 16217K, capacity 17247K, committed 18048K, reserved 1048576K
Event: 2987.886 GC heap after
Heap after GC invocations=50 (full 5):
 PSYoungGen      total 488448K, used 34286K [0x00000000e0000000, 0x0000000100000000, 0x0000000100000000)
  eden space 454144K, 0% used [0x00000000e0000000,0x00000000e0000000,0x00000000fbb80000)
  from space 34304K, 99% used [0x00000000fbb80000,0x00000000fdcfb988,0x00000000fdd00000)
  to   space 35840K, 0% used [0x00000000fdd00000,0x00000000fdd00000,0x0000000100000000)
 ParOldGen       total 160768K, used 126388K [0x00000000a0000000, 0x00000000a9d00000, 0x00000000e0000000)
  object space 160768K, 78% used [0x00000000a0000000,0x00000000a7b6d080,0x00000000a9d00000)
 Metaspace       used 125422K, capacity 130682K, committed 134784K, reserved 1165312K
  class space    used 16217K, capacity 17247K, committed 18048K, reserved 1048576K
}

