# JRE version: OpenJDK Runtime Environment (8.0_212-b04) (build 1.8.0_212-release-1586-b04)
# Java VM: OpenJDK 64-Bit Server VM (25.212-b04 mixed mode windows-amd64 compressed oops)
Heap:
 PSYoungGen      total 181760K, used 78477K [0x00000000e0000000, 0x00000000ecb80000, 0x0000000100000000)
  eden space 168960K, 38% used [0x00000000e0000000,0x00000000e402eb68,0x00000000ea500000)
  from space 12800K, 99% used [0x00000000ebf00000,0x00000000ecb74a28,0x00000000ecb80000)
  to   space 16384K, 0% used [0x00000000eab80000,0x00000000eab80000,0x00000000ebb80000)
 ParOldGen       total 76800K, used 31458K [0x00000000a0000000, 0x00000000a4b00000, 0x00000000e0000000)
  object space 76800K, 40% used [0x00000000a0000000,0x00000000a1eb8908,0x00000000a4b00000)
 Metaspace       used 62810K, capacity 65286K, committed 65408K, reserved 1105920K
  class space    used 8563K, capacity 9084K, committed 9088K, reserved 1048576K
GC Heap History (10 events):
Event: 19.959 GC heap before
{Heap before GC invocations=17 (full 2):
 PSYoungGen      total 114688K, used 107520K [0x00000000e0000000, 0x00000000e7b00000, 0x0000000100000000)
  eden space 107520K, 100% used [0x00000000e0000000,0x00000000e6900000,0x00000000e6900000)
  from space 7168K, 0% used [0x00000000e7000000,0x00000000e7000000,0x00000000e7700000)
  to   space 7168K, 0% used [0x00000000e6900000,0x00000000e6900000,0x00000000e7000000)
 ParOldGen       total 46080K, used 16919K [0x00000000a0000000, 0x00000000a2d00000, 0x00000000e0000000)
  object space 46080K, 36% used [0x00000000a0000000,0x00000000a1085fa8,0x00000000a2d00000)
 Metaspace       used 44198K, capacity 45430K, committed 45696K, reserved 1089536K
  class space    used 5952K, capacity 6257K, committed 6272K, reserved 1048576K
Event: 20.064 GC heap after
Heap after GC invocations=17 (full 2):
 PSYoungGen      total 114688K, used 7164K [0x00000000e0000000, 0x00000000ea680000, 0x0000000100000000)
  eden space 107520K, 0% used [0x00000000e0000000,0x00000000e0000000,0x00000000e6900000)
  from space 7168K, 99% used [0x00000000e6900000,0x00000000e6fff300,0x00000000e7000000)
  to   space 10240K, 0% used [0x00000000e9c80000,0x00000000e9c80000,0x00000000ea680000)
 ParOldGen       total 46080K, used 23169K [0x00000000a0000000, 0x00000000a2d00000, 0x00000000e0000000)
  object space 46080K, 50% used [0x00000000a0000000,0x00000000a16a0630,0x00000000a2d00000)
 Metaspace       used 44198K, capacity 45430K, committed 45696K, reserved 1089536K
  class space    used 5952K, capacity 6257K, committed 6272K, reserved 1048576K
}
Event: 28.875 GC heap before
{Heap before GC invocations=18 (full 2):
 PSYoungGen      total 114688K, used 114684K [0x00000000e0000000, 0x00000000ea680000, 0x0000000100000000)
  eden space 107520K, 100% used [0x00000000e0000000,0x00000000e6900000,0x00000000e6900000)
  from space 7168K, 99% used [0x00000000e6900000,0x00000000e6fff300,0x00000000e7000000)
  to   space 10240K, 0% used [0x00000000e9c80000,0x00000000e9c80000,0x00000000ea680000)
 ParOldGen       total 46080K, used 23169K [0x00000000a0000000, 0x00000000a2d00000, 0x00000000e0000000)
  object space 46080K, 50% used [0x00000000a0000000,0x00000000a16a0630,0x00000000a2d00000)
 Metaspace       used 53635K, capacity 55366K, committed 55552K, reserved 1097728K
  class space    used 7277K, capacity 7638K, committed 7680K, reserved 1048576K
Event: 28.990 GC heap after
Heap after GC invocations=18 (full 2):
 PSYoungGen      total 155136K, used 10235K [0x00000000e0000000, 0x00000000eaf00000, 0x0000000100000000)
  eden space 144896K, 0% used [0x00000000e0000000,0x00000000e0000000,0x00000000e8d80000)
  from space 10240K, 99% used [0x00000000e9c80000,0x00000000ea67ec70,0x00000000ea680000)
  to   space 15360K, 0% used [0x00000000e8d80000,0x00000000e8d80000,0x00000000e9c80000)
 ParOldGen       total 46080K, used 33443K [0x00000000a0000000, 0x00000000a2d00000, 0x00000000e0000000)
  object space 46080K, 72% used [0x00000000a0000000,0x00000000a20a8f78,0x00000000a2d00000)
 Metaspace       used 53635K, capacity 55366K, committed 55552K, reserved 1097728K
  class space    used 7277K, capacity 7638K, committed 7680K, reserved 1048576K
}
Event: 34.917 GC heap before
{Heap before GC invocations=19 (full 2):
 PSYoungGen      total 155136K, used 60972K [0x00000000e0000000, 0x00000000eaf00000, 0x0000000100000000)
  eden space 144896K, 35% used [0x00000000e0000000,0x00000000e318c6e8,0x00000000e8d80000)
  from space 10240K, 99% used [0x00000000e9c80000,0x00000000ea67ec70,0x00000000ea680000)
  to   space 15360K, 0% used [0x00000000e8d80000,0x00000000e8d80000,0x00000000e9c80000)
 ParOldGen       total 46080K, used 33443K [0x00000000a0000000, 0x00000000a2d00000, 0x00000000e0000000)
  object space 46080K, 72% used [0x00000000a0000000,0x00000000a20a8f78,0x00000000a2d00000)
 Metaspace       used 57150K, capacity 58948K, committed 59096K, reserved 1099776K
  class space    used 7815K, capacity 8193K, committed 8320K, reserved 1048576K
Event: 34.994 GC heap after
Heap after GC invocations=19 (full 2):
 PSYoungGen      total 160256K, used 4915K [0x00000000e0000000, 0x00000000ecd80000, 0x0000000100000000)
  eden space 144896K, 0% used [0x00000000e0000000,0x00000000e0000000,0x00000000e8d80000)
  from space 15360K, 32% used [0x00000000e8d80000,0x00000000e924cf70,0x00000000e9c80000)
  to   space 14848K, 0% used [0x00000000ebf00000,0x00000000ebf00000,0x00000000ecd80000)
 ParOldGen       total 46080K, used 39715K [0x00000000a0000000, 0x00000000a2d00000, 0x00000000e0000000)
  object space 46080K, 86% used [0x00000000a0000000,0x00000000a26c8d88,0x00000000a2d00000)
 Metaspace       used 57150K, capacity 58948K, committed 59096K, reserved 1099776K
  class space    used 7815K, capacity 8193K, committed 8320K, reserved 1048576K
}
Event: 35.001 GC heap before
{Heap before GC invocations=20 (full 3):
 PSYoungGen      total 160256K, used 4915K [0x00000000e0000000, 0x00000000ecd80000, 0x0000000100000000)
  eden space 144896K, 0% used [0x00000000e0000000,0x00000000e0000000,0x00000000e8d80000)
  from space 15360K, 32% used [0x00000000e8d80000,0x00000000e924cf70,0x00000000e9c80000)
  to   space 14848K, 0% used [0x00000000ebf00000,0x00000000ebf00000,0x00000000ecd80000)
 ParOldGen       total 46080K, used 39715K [0x00000000a0000000, 0x00000000a2d00000, 0x00000000e0000000)
  object space 46080K, 86% used [0x00000000a0000000,0x00000000a26c8d88,0x00000000a2d00000)
 Metaspace       used 57150K, capacity 58948K, committed 59096K, reserved 1099776K
  class space    used 7815K, capacity 8193K, committed 8320K, reserved 1048576K
Event: 37.094 GC heap after
Heap after GC invocations=20 (full 3):
 PSYoungGen      total 160256K, used 0K [0x00000000e0000000, 0x00000000ecd80000, 0x0000000100000000)
  eden space 144896K, 0% used [0x00000000e0000000,0x00000000e0000000,0x00000000e8d80000)
  from space 15360K, 0% used [0x00000000e8d80000,0x00000000e8d80000,0x00000000e9c80000)
  to   space 14848K, 0% used [0x00000000ebf00000,0x00000000ebf00000,0x00000000ecd80000)
 ParOldGen       total 76800K, used 31450K [0x00000000a0000000, 0x00000000a4b00000, 0x00000000e0000000)
  object space 76800K, 40% used [0x00000000a0000000,0x00000000a1eb6908,0x00000000a4b00000)
 Metaspace       used 57150K, capacity 58948K, committed 59096K, reserved 1099776K
  class space    used 7815K, capacity 8193K, committed 8320K, reserved 1048576K
}
Event: 49.853 GC heap before
{Heap before GC invocations=21 (full 3):
 PSYoungGen      total 160256K, used 144896K [0x00000000e0000000, 0x00000000ecd80000, 0x0000000100000000)
  eden space 144896K, 100% used [0x00000000e0000000,0x00000000e8d80000,0x00000000e8d80000)
  from space 15360K, 0% used [0x00000000e8d80000,0x00000000e8d80000,0x00000000e9c80000)
  to   space 14848K, 0% used [0x00000000ebf00000,0x00000000ebf00000,0x00000000ecd80000)
 ParOldGen       total 76800K, used 31450K [0x00000000a0000000, 0x00000000a4b00000, 0x00000000e0000000)
  object space 76800K, 40% used [0x00000000a0000000,0x00000000a1eb6908,0x00000000a4b00000)
 Metaspace       used 62160K, capacity 64542K, committed 64640K, reserved 1105920K
  class space    used 8510K, capacity 9014K, committed 9088K, reserved 1048576K
Event: 50.743 GC heap after
Heap after GC invocations=21 (full 3):
 PSYoungGen      total 181760K, used 12754K [0x00000000e0000000, 0x00000000ecb80000, 0x0000000100000000)
  eden space 168960K, 0% used [0x00000000e0000000,0x00000000e0000000,0x00000000ea500000)
  from space 12800K, 99% used [0x00000000ebf00000,0x00000000ecb74a28,0x00000000ecb80000)
  to   space 16384K, 0% used [0x00000000eab80000,0x00000000eab80000,0x00000000ebb80000)
 ParOldGen       total 76800K, used 31458K [0x00000000a0000000, 0x00000000a4b00000, 0x00000000e0000000)
  object space 76800K, 40% used [0x00000000a0000000,0x00000000a1eb8908,0x00000000a4b00000)
 Metaspace       used 62160K, capacity 64542K, committed 64640K, reserved 1105920K
  class space    used 8510K, capacity 9014K, committed 9088K, reserved 1048576K
}

